<?xml version="1.0" encoding="UTF-8"?>
<testng-results ignored="0" total="1" passed="1" failed="0" skipped="0">
  <reporter-output>
  </reporter-output>
  <suite started-at="2022-06-04T13:14:20 EDT" name="Default suite" finished-at="2022-06-04T13:14:30 EDT" duration-ms="9238">
    <groups>
    </groups>
    <test started-at="2022-06-04T13:14:20 EDT" name="Default test" finished-at="2022-06-04T13:14:30 EDT" duration-ms="9238">
      <class name="amazon.AmazonLogin">
        <test-method is-config="true" signature="amazonSetUp()[pri:0, instance:amazon.AmazonLogin@56cdfb3b]" started-at="2022-06-04T13:14:20 EDT" name="amazonSetUp" finished-at="2022-06-04T13:14:27 EDT" duration-ms="6459" status="PASS">
          <reporter-output>
          </reporter-output>
        </test-method> <!-- amazonSetUp -->
        <test-method signature="amazonLogin()[pri:0, instance:amazon.AmazonLogin@56cdfb3b]" started-at="2022-06-04T13:14:27 EDT" name="amazonLogin" finished-at="2022-06-04T13:14:30 EDT" duration-ms="2719" status="PASS">
          <reporter-output>
          </reporter-output>
        </test-method> <!-- amazonLogin -->
      </class> <!-- amazon.AmazonLogin -->
    </test> <!-- Default test -->
  </suite> <!-- Default suite -->
</testng-results>
